<?xml version="1.0" encoding="UTF-8"?>
<testng-results ignored="0" total="1" passed="1" failed="0" skipped="0">
  <reporter-output>
  </reporter-output>
  <suite started-at="2021-11-11T22:10:14 IST" name="Default suite" finished-at="2021-11-11T22:10:55 IST" duration-ms="40690">
    <groups>
    </groups>
    <test started-at="2021-11-11T22:10:14 IST" name="Default test" finished-at="2021-11-11T22:10:55 IST" duration-ms="40690">
      <class name="test.SampleTest">
        <test-method is-config="true" signature="extentFileCreation()[pri:0, instance:test.SampleTest@1a4927d6]" started-at="2021-11-11T22:10:14 IST" name="extentFileCreation" finished-at="2021-11-11T22:10:14 IST" duration-ms="325" status="PASS">
          <reporter-output>
          </reporter-output>
        </test-method> <!-- extentFileCreation -->
        <test-method is-config="true" signature="setup(java.lang.String)[pri:0, instance:test.SampleTest@1a4927d6]" started-at="2021-11-11T22:10:14 IST" name="setup" finished-at="2021-11-11T22:10:21 IST" duration-ms="6914" status="PASS">
          <params>
            <param index="0">
              <value>
                <![CDATA[ABC]]>
              </value>
            </param>
          </params>
          <reporter-output>
          </reporter-output>
        </test-method> <!-- setup -->
        <test-method signature="mytest()[pri:0, instance:test.SampleTest@1a4927d6]" started-at="2021-11-11T22:10:21 IST" name="mytest" finished-at="2021-11-11T22:10:54 IST" duration-ms="33484" status="PASS">
          <reporter-output>
          </reporter-output>
        </test-method> <!-- mytest -->
        <test-method is-config="true" signature="cleanUp()[pri:0, instance:test.SampleTest@1a4927d6]" started-at="2021-11-11T22:10:54 IST" name="cleanUp" finished-at="2021-11-11T22:10:55 IST" duration-ms="252" status="PASS">
          <reporter-output>
          </reporter-output>
        </test-method> <!-- cleanUp -->
      </class> <!-- test.SampleTest -->
    </test> <!-- Default test -->
  </suite> <!-- Default suite -->
</testng-results>
